\BOOKMARK [1][-]{section.1}{Introduction and study aims}{}% 1
\BOOKMARK [1][-]{section.2}{Fundamental questions and scientific background}{}% 2
\BOOKMARK [2][-]{subsection.2.1}{Following evolutionary processes in a newly-forming secondary contact}{section.2}% 3
\BOOKMARK [2][-]{subsection.2.2}{Ecology as an isolation barrier }{section.2}% 4
\BOOKMARK [2][-]{subsection.2.3}{Strength of acoustic isolation}{section.2}% 5
\BOOKMARK [1][-]{section.3}{Innovative aspects, novelty and impact}{}% 6
\BOOKMARK [1][-]{section.4}{Methods and preliminary data}{}% 7
\BOOKMARK [2][-]{subsection.4.1}{Work plan and experimental timetable}{section.4}% 8
\BOOKMARK [2][-]{subsection.4.2}{Field work: transects and sampling locations}{section.4}% 9
\BOOKMARK [2][-]{subsection.4.3}{Data collection}{section.4}% 10
\BOOKMARK [2][-]{subsection.4.4}{Methods for Aim 1: Plant ecology}{section.4}% 11
\BOOKMARK [2][-]{subsection.4.5}{Methods for Aim 2: Bioacoustics research methodology}{section.4}% 12
\BOOKMARK [2][-]{subsection.4.6}{Methods for Aim 3: Population genetics}{section.4}% 13
\BOOKMARK [2][-]{subsection.4.7}{Ethical note}{section.4}% 14
\BOOKMARK [1][-]{section.5}{Research facility, scientific collaborations}{}% 15
\BOOKMARK [1][-]{section.6}{Strategies for dissemination of results and outreach}{}% 16
\BOOKMARK [2][-]{subsection.6.1}{List of abbreviations}{section.6}% 17
\BOOKMARK [1][-]{section.7}{References}{}% 18
\BOOKMARK [1][-]{section.8}{Applicants CV and list of publications}{}% 19
\BOOKMARK [1][-]{section.9}{Co-applicants CV and list of publications}{}% 20
